<?xml version="1.0" encoding="UTF-8"?>
<!-- Generated by org.testng.reporters.JUnitReportReporter -->
<testsuite hostname="DESKTOP-P1FCQBS" failures="0" tests="2" name="com.bigbasketrunner.OrangeRunner2" time="74.609" errors="0" timestamp="2024-05-20T16:38:07 IST" skipped="0">
  <testcase classname="com.bigbasketrunner.OrangeRunner2" name="valid" time="29.761"/>
  <system-out/>
  <testcase classname="com.bigbasketrunner.OrangeRunner2" name="Invalid" time="44.848"/>
  <system-out/>
</testsuite> <!-- com.bigbasketrunner.OrangeRunner2 -->
