<?xml version="1.0" encoding="UTF-8"?>
<!-- Generated by org.testng.reporters.JUnitReportReporter -->
<testsuite hostname="DESKTOP-P1FCQBS" failures="0" tests="6" name="com.TestNG.Amazon" time="113.889" errors="0" timestamp="2024-05-26T19:25:16 IST" skipped="0">
  <testcase classname="com.TestNG.Amazon" name="Umbrella" time="24.869"/>
  <system-out/>
  <testcase classname="com.TestNG.Amazon" name="InvalidLogin" time="11.416"/>
  <system-out/>
  <testcase classname="com.TestNG.Amazon" name="ValidLoginTest" time="8.164"/>
  <system-out/>
  <testcase classname="com.TestNG.Amazon" name="MobilePhone" time="31.468"/>
  <system-out/>
  <testcase classname="com.TestNG.Amazon" name="Furniture" time="18.028"/>
  <system-out/>
  <testcase classname="com.TestNG.Amazon" name="CheckOutPayment" time="19.944"/>
  <system-out/>
</testsuite> <!-- com.TestNG.Amazon -->
