<?xml version="1.0" encoding="UTF-8"?>
<!-- Generated by org.testng.reporters.JUnitReportReporter -->
<testsuite hostname="DESKTOP-P1FCQBS" failures="0" tests="1" name="com.runner.Grouping" time="0.011" errors="0" timestamp="2024-05-21T15:20:06 IST" skipped="0">
  <testcase classname="com.runner.Grouping" name="orange" time="0.011"/>
  <system-out/>
</testsuite> <!-- com.runner.Grouping -->
