<?xml version="1.0" encoding="UTF-8"?>
<!-- Generated by org.testng.reporters.JUnitReportReporter -->
<testsuite hostname="DESKTOP-P1FCQBS" failures="0" tests="3" name="com.TestNG.Parallel_Execution" time="21.248" errors="0" timestamp="2024-05-22T20:40:24 IST" skipped="0">
  <testcase classname="com.TestNG.Parallel_Execution" name="firefox" time="6.792"/>
  <system-out/>
  <testcase classname="com.TestNG.Parallel_Execution" name="edge" time="6.125"/>
  <system-out/>
  <testcase classname="com.TestNG.Parallel_Execution" name="chrome" time="8.331"/>
  <system-out/>
</testsuite> <!-- com.TestNG.Parallel_Execution -->
