<?xml version="1.0" encoding="UTF-8"?>
<!-- Generated by org.testng.reporters.JUnitReportReporter -->
<testsuite hostname="DESKTOP-P1FCQBS" failures="0" tests="6" name="com.runner.Grouping_Credentials" time="0.015" errors="0" timestamp="2024-05-21T16:35:44 IST" skipped="0">
  <testcase classname="com.runner.Grouping_Credentials" name="pass3" time="0.001"/>
  <system-out/>
  <testcase classname="com.runner.Grouping_Credentials" name="pass1" time="0.001"/>
  <system-out/>
  <testcase classname="com.runner.Grouping_Credentials" name="pass2" time="0.001"/>
  <system-out/>
  <testcase classname="com.runner.Grouping_Credentials" name="log3" time="0.002"/>
  <system-out/>
  <testcase classname="com.runner.Grouping_Credentials" name="log1" time="0.009"/>
  <system-out/>
  <testcase classname="com.runner.Grouping_Credentials" name="log2" time="0.001"/>
  <system-out/>
</testsuite> <!-- com.runner.Grouping_Credentials -->
