<?xml version="1.0" encoding="UTF-8"?>
<!-- Generated by org.testng.reporters.JUnitReportReporter -->
<testsuite hostname="DESKTOP-P1FCQBS" failures="0" tests="1" name="com.bigbasketrunner.OrangeRunner" time="3.178" errors="0" timestamp="2024-05-20T16:32:25 IST" skipped="0">
  <testcase classname="com.bigbasketrunner.OrangeRunner" name="login" time="3.178"/>
  <system-out/>
</testsuite> <!-- com.bigbasketrunner.OrangeRunner -->
