<?xml version="1.0" encoding="UTF-8"?>
<!-- Generated by org.testng.reporters.JUnitReportReporter -->
<testsuite hostname="DESKTOP-P1FCQBS" failures="0" tests="3" name="com.TestNG.Cross_Browsing" time="13.337" errors="0" timestamp="2024-05-22T10:52:20 IST" skipped="0">
  <testcase classname="com.TestNG.Cross_Browsing" name="chrome" time="3.781"/>
  <system-out/>
  <testcase classname="com.TestNG.Cross_Browsing" name="edge" time="5.157"/>
  <system-out/>
  <testcase classname="com.TestNG.Cross_Browsing" name="firefox" time="4.399"/>
  <system-out/>
</testsuite> <!-- com.TestNG.Cross_Browsing -->
