<?xml version="1.0" encoding="UTF-8"?>
<!-- Generated by org.testng.reporters.JUnitReportReporter -->
<testsuite hostname="DESKTOP-P1FCQBS" failures="0" tests="3" name="com.runner.OrangeRunner2" time="57.080" errors="0" timestamp="2024-05-20T17:26:26 IST" skipped="1">
  <testcase classname="com.runner.OrangeRunner2" name="valid" time="26.705"/>
  <system-out/>
  <testcase classname="com.runner.OrangeRunner2" name="Invalid" time="30.375"/>
  <system-out/>
  <testcase classname="com.runner.OrangeRunner2" name="omit">
    <skipped/>
  </testcase> <!-- omit -->
  <system-out/>
</testsuite> <!-- com.runner.OrangeRunner2 -->
