<?xml version="1.0" encoding="UTF-8"?>
<!-- Generated by org.testng.reporters.JUnitReportReporter -->
<testsuite hostname="DESKTOP-P1FCQBS" failures="0" tests="1" name="com.runner.OrangeRunner" time="2.855" errors="0" timestamp="2024-05-20T16:42:00 IST" skipped="0">
  <testcase classname="com.runner.OrangeRunner" name="login" time="2.855"/>
  <system-out/>
</testsuite> <!-- com.runner.OrangeRunner -->
