<?xml version="1.0" encoding="UTF-8"?>
<!-- Generated by org.testng.reporters.JUnitReportReporter -->
<testsuite hostname="DESKTOP-P1FCQBS" failures="0" tests="2" name="com.TestNG.OrangeRunner" time="6.293" errors="0" timestamp="2024-05-24T15:51:42 IST" skipped="0">
  <testcase classname="com.TestNG.OrangeRunner" name="login" time="2.508"/>
  <system-out/>
  <testcase classname="com.TestNG.OrangeRunner" name="admin" time="3.785"/>
  <system-out/>
</testsuite> <!-- com.TestNG.OrangeRunner -->
